[INFO ] 2024-08-08 21:41:01.440 [main] Utils:112 - [Utils] MethodGroupsHelper.collectMethodsByGroup() took 1 ms.
[INFO ] 2024-08-08 21:41:01.450 [main] Utils:112 - [Utils] MethodGroupsHelper.sortMethods() took 2 ms.
[INFO ] 2024-08-08 21:41:01.452 [main] Utils:112 - [Utils] MethodGroupsHelper.collectMethodsByGroup() took 0 ms.
[INFO ] 2024-08-08 21:41:01.453 [main] Utils:112 - [Utils] MethodGroupsHelper.sortMethods() took 0 ms.
[INFO ] 2024-08-08 21:41:01.454 [main] Utils:112 - [Utils] MethodGroupsHelper.collectMethodsByGroup() took 0 ms.
[INFO ] 2024-08-08 21:41:01.454 [main] Utils:112 - [Utils] MethodGroupsHelper.sortMethods() took 0 ms.
[INFO ] 2024-08-08 21:41:01.464 [main] Utils:112 - [Utils] MethodGroupsHelper.collectMethodsByGroup() took 7 ms.
[INFO ] 2024-08-08 21:41:01.474 [main] Utils:112 - [Utils] MethodGroupsHelper.sortMethods() took 10 ms.
[INFO ] 2024-08-08 21:41:01.475 [main] Utils:112 - [Utils] MethodGroupsHelper.collectMethodsByGroup() took 0 ms.
[INFO ] 2024-08-08 21:41:01.477 [main] Utils:112 - [Utils] MethodGroupsHelper.sortMethods() took 0 ms.
[INFO ] 2024-08-08 21:41:01.478 [main] Utils:112 - [Utils] MethodGroupsHelper.collectMethodsByGroup() took 0 ms.
[INFO ] 2024-08-08 21:41:01.478 [main] Utils:112 - [Utils] MethodGroupsHelper.sortMethods() took 0 ms.
[INFO ] 2024-08-08 21:41:01.478 [main] Utils:112 - [Utils] MethodGroupsHelper.collectMethodsByGroup() took 0 ms.
[INFO ] 2024-08-08 21:41:01.479 [main] Utils:112 - [Utils] MethodGroupsHelper.sortMethods() took 0 ms.
[INFO ] 2024-08-08 21:41:01.479 [main] Utils:112 - [Utils] MethodGroupsHelper.collectMethodsByGroup() took 0 ms.
[INFO ] 2024-08-08 21:41:01.481 [main] Utils:112 - [Utils] MethodGroupsHelper.sortMethods() took 0 ms.
[INFO ] 2024-08-08 21:41:01.483 [main] Utils:112 - [Utils] MethodGroupsHelper.collectMethodsByGroup() took 0 ms.
[INFO ] 2024-08-08 21:41:01.483 [main] Utils:112 - [Utils] MethodGroupsHelper.sortMethods() took 0 ms.
[INFO ] 2024-08-08 21:41:01.484 [main] Utils:112 - [Utils] MethodGroupsHelper.collectMethodsByGroup() took 0 ms.
[INFO ] 2024-08-08 21:41:01.484 [main] Utils:112 - [Utils] MethodGroupsHelper.sortMethods() took 0 ms.
[INFO ] 2024-08-08 21:41:01.486 [main] Utils:112 - [Utils] MethodGroupsHelper.collectMethodsByGroup() took 0 ms.
[INFO ] 2024-08-08 21:41:01.487 [main] Utils:112 - [Utils] MethodGroupsHelper.sortMethods() took 0 ms.
[INFO ] 2024-08-08 21:41:01.487 [main] Utils:112 - [Utils] MethodGroupsHelper.collectMethodsByGroup() took 0 ms.
[INFO ] 2024-08-08 21:41:01.487 [main] Utils:112 - [Utils] MethodGroupsHelper.sortMethods() took 0 ms.
[INFO ] 2024-08-08 21:41:01.490 [main] Utils:112 - [Utils] MethodGroupsHelper.collectMethodsByGroup() took 1 ms.
[INFO ] 2024-08-08 21:41:01.492 [main] Utils:112 - [Utils] MethodGroupsHelper.sortMethods() took 1 ms.
[INFO ] 2024-08-08 21:41:01.495 [main] Utils:112 - [Utils] MethodGroupsHelper.collectMethodsByGroup() took 1 ms.
[INFO ] 2024-08-08 21:41:01.496 [main] Utils:112 - [Utils] MethodGroupsHelper.sortMethods() took 1 ms.
[INFO ] 2024-08-08 21:41:01.496 [main] Utils:112 - [Utils] MethodGroupsHelper.collectMethodsByGroup() took 0 ms.
[INFO ] 2024-08-08 21:41:01.496 [main] Utils:112 - [Utils] MethodGroupsHelper.sortMethods() took 0 ms.
[INFO ] 2024-08-08 21:41:01.504 [main] Utils:112 - [TestNG] Running:
  C:\Users\shah4\AppData\Local\Temp\testng-eclipse--954004033\testng-customsuite.xml

[INFO ] 2024-08-08 21:41:01.529 [main] Utils:112 - [Utils] DynamicGraphHelper.createDynamicGraph() took 3 ms.
[INFO ] 2024-08-08 21:41:03.261 [main] Sun1105Demo:28 - Initialized chrome driver
[INFO ] 2024-08-08 21:41:03.302 [main] Sun1105Demo:30 - Maximized the window
[INFO ] 2024-08-08 21:41:09.972 [main] Sun1105Demo:35 - Element is loaded and is visible
[INFO ] 2024-08-08 21:41:10.097 [main] Sun1105Demo:37 - Entered data in name input field
[INFO ] 2024-08-08 21:41:10.308 [main] Sun1105Demo:43 - Taken screenshot
[INFO ] 2024-08-08 21:41:10.339 [main] Sun1105Demo:49 - 1
[INFO ] 2024-08-08 21:41:10.339 [main] Sun1105Demo:50 - 2
[INFO ] 2024-08-08 21:41:10.339 [main] Sun1105Demo:51 - 3
[INFO ] 2024-08-08 21:41:10.339 [main] Sun1105Demo:52 - 4
[INFO ] 2024-08-08 21:41:10.668 [main] Utils:112 - [TestNG] Time taken by org.testng.reporters.jq.Main@3ed0918d: 71 ms
[INFO ] 2024-08-08 21:41:10.669 [main] Utils:112 - [TestNG] Time taken by org.testng.reporters.FailedReporter@5e268ce6: 0 ms
[INFO ] 2024-08-08 21:41:10.678 [main] Utils:112 - [TestNG] Time taken by org.testng.reporters.XMLReporter@2b4786dd: 7 ms
[INFO ] 2024-08-08 21:41:10.685 [main] Utils:112 - [TestNG] Time taken by org.testng.reporters.EmailableReporter2@56f71edb: 6 ms
[INFO ] 2024-08-08 21:41:10.692 [main] Utils:112 - [TestNG] Time taken by org.testng.reporters.JUnitReportReporter@4e2916c3: 7 ms
[INFO ] 2024-08-08 21:41:10.693 [main] Utils:112 - [TestNG] Time taken by org.testng.internal.ExitCodeListener@64aad6db: 1 ms
